<?xml version="1.0" encoding="UTF-8"?>
<testng-results ignored="0" total="2" passed="2" failed="0" skipped="0">
  <reporter-output>
  </reporter-output>
  <suite started-at="2023-08-27T17:03:48 IST" name="Book My Show Suite" finished-at="2023-08-27T17:04:11 IST" duration-ms="22902">
    <groups>
    </groups>
    <test started-at="2023-08-27T17:03:48 IST" name="Image Urls Test" finished-at="2023-08-27T17:04:11 IST" duration-ms="22902">
      <class name="MyTests.NestedFrames">
        <test-method is-config="true" signature="setup()[pri:0, instance:MyTests.NestedFrames@6995bf68]" started-at="2023-08-27T17:03:48 IST" name="setup" finished-at="2023-08-27T17:03:53 IST" duration-ms="5170" status="PASS">
          <reporter-output>
          </reporter-output>
        </test-method> <!-- setup -->
        <test-method signature="handleFrames()[pri:0, instance:MyTests.NestedFrames@6995bf68]" started-at="2023-08-27T17:03:53 IST" name="handleFrames" finished-at="2023-08-27T17:03:57 IST" duration-ms="3633" status="PASS">
          <reporter-output>
          </reporter-output>
        </test-method> <!-- handleFrames -->
        <test-method is-config="true" signature="tearDown()[pri:0, instance:MyTests.NestedFrames@6995bf68]" started-at="2023-08-27T17:03:57 IST" name="tearDown" finished-at="2023-08-27T17:03:57 IST" duration-ms="273" status="PASS">
          <reporter-output>
          </reporter-output>
        </test-method> <!-- tearDown -->
      </class> <!-- MyTests.NestedFrames -->
      <class name="MyTests.WindowHandle">
        <test-method is-config="true" signature="setup()[pri:0, instance:MyTests.WindowHandle@1b835480]" started-at="2023-08-27T17:03:57 IST" name="setup" finished-at="2023-08-27T17:03:59 IST" duration-ms="2085" status="PASS">
          <reporter-output>
          </reporter-output>
        </test-method> <!-- setup -->
        <test-method signature="windowHandle()[pri:0, instance:MyTests.WindowHandle@1b835480]" started-at="2023-08-27T17:03:59 IST" name="windowHandle" finished-at="2023-08-27T17:04:11 IST" duration-ms="11163" status="PASS">
          <reporter-output>
          </reporter-output>
        </test-method> <!-- windowHandle -->
        <test-method is-config="true" signature="tearDown()[pri:0, instance:MyTests.WindowHandle@1b835480]" started-at="2023-08-27T17:04:11 IST" name="tearDown" finished-at="2023-08-27T17:04:11 IST" duration-ms="467" status="PASS">
          <reporter-output>
          </reporter-output>
        </test-method> <!-- tearDown -->
      </class> <!-- MyTests.WindowHandle -->
    </test> <!-- Image Urls Test -->
  </suite> <!-- Book My Show Suite -->
</testng-results>
